0 info it worked if it ends with ok
1 verbose cli [ 'node',
1 verbose cli   '/usr/local/bin/npm',
1 verbose cli   'install',
1 verbose cli   'express-generator',
1 verbose cli   '-g' ]
2 info using npm@2.11.2
3 info using node@v0.12.5
4 verbose install initial load of /usr/local/lib/package.json
5 verbose readDependencies loading dependencies from /usr/local/lib/package.json
6 silly cache add args [ 'express-generator', null ]
7 verbose cache add spec express-generator
8 silly cache add parsed spec { raw: 'express-generator',
8 silly cache add   scope: null,
8 silly cache add   name: 'express-generator',
8 silly cache add   rawSpec: '',
8 silly cache add   spec: '*',
8 silly cache add   type: 'range' }
9 silly addNamed express-generator@*
10 verbose addNamed "*" is a valid semver range for express-generator
11 silly addNameRange { name: 'express-generator', range: '*', hasData: false }
12 silly mapToRegistry name express-generator
13 silly mapToRegistry using default registry
14 silly mapToRegistry registry https://registry.npmjs.org/
15 silly mapToRegistry uri https://registry.npmjs.org/express-generator
16 verbose addNameRange registry:https://registry.npmjs.org/express-generator not in flight; fetching
17 verbose request uri https://registry.npmjs.org/express-generator
18 verbose request no auth needed
19 info attempt registry request try #1 at 2:08:57 PM
20 verbose request id a2de7fb71ae8e8a6
21 verbose etag "D70UBEY9G8917YBDA3DVPLKLA"
22 http request GET https://registry.npmjs.org/express-generator
23 http 304 https://registry.npmjs.org/express-generator
24 silly get cb [ 304,
24 silly get   { date: 'Tue, 30 Jun 2015 18:08:56 GMT',
24 silly get     via: '1.1 varnish',
24 silly get     'cache-control': 'max-age=60',
24 silly get     etag: '"D70UBEY9G8917YBDA3DVPLKLA"',
24 silly get     age: '43',
24 silly get     connection: 'keep-alive',
24 silly get     'x-served-by': 'cache-jfk1031-JFK',
24 silly get     'x-cache': 'HIT',
24 silly get     'x-cache-hits': '1',
24 silly get     'x-timer': 'S1435687736.818860,VS0,VE10',
24 silly get     vary: 'Accept' } ]
25 verbose etag https://registry.npmjs.org/express-generator from cache
26 verbose get saving express-generator to /Users/alee/.npm/registry.npmjs.org/express-generator/.cache.json
27 silly addNameRange number 2 { name: 'express-generator', range: '*', hasData: true }
28 silly addNameRange versions [ 'express-generator',
28 silly addNameRange   [ '1.0.0',
28 silly addNameRange     '3.0.0',
28 silly addNameRange     '4.0.0',
28 silly addNameRange     '4.2.0',
28 silly addNameRange     '4.8.0',
28 silly addNameRange     '4.9.0',
28 silly addNameRange     '4.10.0',
28 silly addNameRange     '4.11.0',
28 silly addNameRange     '4.11.1',
28 silly addNameRange     '4.11.2',
28 silly addNameRange     '4.12.0',
28 silly addNameRange     '4.12.1',
28 silly addNameRange     '4.12.4' ] ]
29 silly addNamed express-generator@4.12.4
30 verbose addNamed "4.12.4" is a plain semver version for express-generator
31 silly cache afterAdd express-generator@4.12.4
32 verbose afterAdd /Users/alee/.npm/express-generator/4.12.4/package/package.json not in flight; writing
33 verbose afterAdd /Users/alee/.npm/express-generator/4.12.4/package/package.json written
34 silly install resolved [ { name: 'express-generator',
34 silly install resolved     description: 'Express\' application generator',
34 silly install resolved     version: '4.12.4',
34 silly install resolved     author: { name: 'TJ Holowaychuk', email: 'tj@vision-media.ca' },
34 silly install resolved     contributors: [ [Object], [Object], [Object], [Object], [Object], [Object] ],
34 silly install resolved     keywords:
34 silly install resolved      [ 'express',
34 silly install resolved        'framework',
34 silly install resolved        'sinatra',
34 silly install resolved        'web',
34 silly install resolved        'rest',
34 silly install resolved        'restful',
34 silly install resolved        'router',
34 silly install resolved        'app',
34 silly install resolved        'api' ],
34 silly install resolved     repository:
34 silly install resolved      { type: 'git',
34 silly install resolved        url: 'git+https://github.com/expressjs/generator.git' },
34 silly install resolved     license: 'MIT',
34 silly install resolved     dependencies: { commander: '2.6.0', mkdirp: '0.5.0', 'sorted-object': '1.0.0' },
34 silly install resolved     main: 'bin/express',
34 silly install resolved     preferGlobal: true,
34 silly install resolved     bin: { express: './bin/express' },
34 silly install resolved     devDependencies: { mocha: '~2.1.0', rimraf: '~2.2.8', supertest: '~0.15.0' },
34 silly install resolved     engines: { node: '>= 0.10' },
34 silly install resolved     files: [ 'LICENSE', 'bin/', 'templates/' ],
34 silly install resolved     scripts:
34 silly install resolved      { test: 'mocha --reporter spec --bail --check-leaks test/',
34 silly install resolved        'test-ci': 'mocha --reporter spec --check-leaks test/' },
34 silly install resolved     gitHead: '866ce8bb80e0eedd5dea0714cc9abfda3ae1c386',
34 silly install resolved     bugs: { url: 'https://github.com/expressjs/generator/issues' },
34 silly install resolved     homepage: 'https://github.com/expressjs/generator',
34 silly install resolved     _id: 'express-generator@4.12.4',
34 silly install resolved     _shasum: 'f779e24e98e7a5aef5c2326d6db1e12747d1f5df',
34 silly install resolved     _from: 'express-generator@*',
34 silly install resolved     _npmVersion: '1.4.28',
34 silly install resolved     _npmUser: { name: 'dougwilson', email: 'doug@somethingdoug.com' },
34 silly install resolved     maintainers: [ [Object], [Object], [Object], [Object], [Object], [Object] ],
34 silly install resolved     dist:
34 silly install resolved      { shasum: 'f779e24e98e7a5aef5c2326d6db1e12747d1f5df',
34 silly install resolved        tarball: 'http://registry.npmjs.org/express-generator/-/express-generator-4.12.4.tgz' },
34 silly install resolved     directories: {},
34 silly install resolved     _resolved: 'https://registry.npmjs.org/express-generator/-/express-generator-4.12.4.tgz',
34 silly install resolved     readme: 'ERROR: No README data found!' } ]
35 info install express-generator@4.12.4 into /usr/local/lib
36 info installOne express-generator@4.12.4
37 verbose installOne of express-generator to /usr/local/lib not in flight; installing
38 verbose lock using /Users/alee/.npm/_locks/express-generator-d3cc1706f4adef09.lock for /usr/local/lib/node_modules/express-generator
39 silly install write writing express-generator 4.12.4 to /usr/local/lib/node_modules/express-generator
40 verbose unbuild lib/node_modules/express-generator
41 silly gentlyRm /usr/local/lib/node_modules/express-generator is being purged from base /usr/local
42 verbose gentlyRm don't care about contents; nuking /usr/local/lib/node_modules/express-generator
43 verbose tar unpack /Users/alee/.npm/express-generator/4.12.4/package.tgz
44 verbose tar unpacking to /usr/local/lib/node_modules/express-generator
45 silly gentlyRm /usr/local/lib/node_modules/express-generator is being purged
46 verbose gentlyRm don't care about contents; nuking /usr/local/lib/node_modules/express-generator
47 silly gunzTarPerm modes [ '755', '644' ]
48 error tar.unpack untar error /Users/alee/.npm/express-generator/4.12.4/package.tgz
49 verbose unlock done using /Users/alee/.npm/_locks/express-generator-d3cc1706f4adef09.lock for /usr/local/lib/node_modules/express-generator
50 verbose fstream_path /usr/local/lib/node_modules/express-generator
51 verbose fstream_type Directory
52 verbose fstream_class DirWriter
53 verbose stack Error: EACCES, mkdir '/usr/local/lib/node_modules/express-generator'
53 verbose stack     at Error (native)
54 verbose fstream_stack /usr/local/lib/node_modules/npm/node_modules/fstream/lib/dir-writer.js:35:25
54 verbose fstream_stack /usr/local/lib/node_modules/npm/node_modules/mkdirp/index.js:47:53
54 verbose fstream_stack FSReqWrap.oncomplete (fs.js:95:15)
55 verbose cwd /Users/alee/Documents/Github/achilles-visualizer
56 error Darwin 14.3.0
57 error argv "node" "/usr/local/bin/npm" "install" "express-generator" "-g"
58 error node v0.12.5
59 error npm  v2.11.2
60 error path /usr/local/lib/node_modules/express-generator
61 error code EACCES
62 error errno -13
63 error Error: EACCES, mkdir '/usr/local/lib/node_modules/express-generator'
63 error     at Error (native)
63 error  { [Error: EACCES, mkdir '/usr/local/lib/node_modules/express-generator']
63 error   errno: -13,
63 error   code: 'EACCES',
63 error   path: '/usr/local/lib/node_modules/express-generator',
63 error   fstream_type: 'Directory',
63 error   fstream_path: '/usr/local/lib/node_modules/express-generator',
63 error   fstream_class: 'DirWriter',
63 error   fstream_stack:
63 error    [ '/usr/local/lib/node_modules/npm/node_modules/fstream/lib/dir-writer.js:35:25',
63 error      '/usr/local/lib/node_modules/npm/node_modules/mkdirp/index.js:47:53',
63 error      'FSReqWrap.oncomplete (fs.js:95:15)' ] }
64 error Please try running this command again as root/Administrator.
65 verbose exit [ -13, true ]
66 verbose unbuild lib/node_modules/express-generator
67 silly gentlyRm /usr/local/lib/node_modules/express-generator is being purged from base /usr/local
68 verbose gentlyRm don't care about contents; nuking /usr/local/lib/node_modules/express-generator
